2019-11-22T08:42:34.651Z - normal: Load ~/.CocosCreator/settings.json
2019-11-22T08:42:34.720Z - normal: Initializing Asset Database
2019-11-22T08:42:34.723Z - normal: checking language setting...
2019-11-22T08:42:34.723Z - normal: Language: zh
2019-11-22T08:42:35.503Z - success: preview server running at http://localhost:7456
2019-11-22T08:42:35.517Z - success: protocol editor-framework registered
2019-11-22T08:42:35.517Z - success: protocol app registered
2019-11-22T08:42:35.517Z - success: protocol theme registered
2019-11-22T08:42:35.517Z - success: protocol packages registered
2019-11-22T08:42:35.518Z - success: protocol uuid registerred
2019-11-22T08:42:35.518Z - success: protocol db registerred
2019-11-22T08:42:35.518Z - success: protocol thumbnail registerred
2019-11-22T08:42:35.518Z - success: protocol unpack registerred
2019-11-22T08:42:35.518Z - success: protocol disable-commonjs registerred
2019-11-22T08:42:35.616Z - normal: connected!
2019-11-22T08:42:35.618Z - normal: Check project /Users/xes/Desktop/zhongban/genjuxiansuozhaoweizhi
2019-11-22T08:42:35.620Z - normal: Initializing project /Users/xes/Desktop/zhongban/genjuxiansuozhaoweizhi
2019-11-22T08:42:36.035Z - normal: Initializing Cocos2d
2019-11-22T08:42:36.791Z - normal: Initializing engine extends
2019-11-22T08:42:36.811Z - success: asset-db-debugger loaded
2019-11-22T08:42:36.812Z - success: baidu-adapter loaded
2019-11-22T08:42:36.813Z - success: color-picker loaded
2019-11-22T08:42:36.905Z - success: fb-audience-network loaded
2019-11-22T08:42:36.953Z - success: fb-live-stream loaded
2019-11-22T08:42:36.956Z - success: google-play-instant loaded
2019-11-22T08:42:36.960Z - success: huawei-runtime loaded
2019-11-22T08:42:37.202Z - success: cpk-publish loaded
2019-11-22T08:42:37.203Z - success: jsb-adapter loaded
2019-11-22T08:42:37.207Z - success: oppo-runtime loaded
2019-11-22T08:42:37.211Z - success: package-manager loaded
2019-11-22T08:42:37.333Z - success: qqplay-adapter loaded
2019-11-22T08:42:37.335Z - success: runtime-dev-tools loaded
2019-11-22T08:42:37.340Z - success: sdkbox loaded
2019-11-22T08:42:37.344Z - success: tester loaded
2019-11-22T08:42:37.349Z - success: ui-grid loaded
2019-11-22T08:42:37.352Z - success: ui-kit-preview-extra loaded
2019-11-22T08:42:37.355Z - success: ui-kit-preview loaded
2019-11-22T08:42:37.359Z - success: ui-kit loaded
2019-11-22T08:42:37.363Z - success: ui-tree loaded
2019-11-22T08:42:37.369Z - success: vivo-runtime loaded
2019-11-22T08:42:37.370Z - success: weapp-adapter loaded
2019-11-22T08:42:37.371Z - success: xiaomi-adapter loaded
2019-11-22T08:42:37.417Z - success: assets loaded
2019-11-22T08:42:37.421Z - success: builder loaded
2019-11-22T08:42:37.696Z - success: cocos-services loaded
2019-11-22T08:42:37.703Z - success: console loaded
2019-11-22T08:42:37.738Z - success: fb-instant-games loaded
2019-11-22T08:42:37.743Z - success: game-window loaded
2019-11-22T08:42:37.745Z - success: google-instant-games loaded
2019-11-22T08:42:37.750Z - success: hierarchy loaded
2019-11-22T08:42:37.755Z - success: inspector loaded
2019-11-22T08:42:37.756Z - success: keystore loaded
2019-11-22T08:42:37.761Z - success: node-library loaded
2019-11-22T08:42:37.763Z - success: package-asset loaded
2019-11-22T08:42:37.765Z - success: preferences loaded
2019-11-22T08:42:37.773Z - success: project-exporter loaded
2019-11-22T08:42:37.782Z - success: project-importer loaded
2019-11-22T08:42:37.786Z - success: project-settings loaded
2019-11-22T08:42:37.792Z - success: scene loaded
2019-11-22T08:42:37.794Z - success: simulator-debugger loaded
2019-11-22T08:42:37.796Z - success: sprite-editor loaded
2019-11-22T08:42:37.802Z - success: store loaded
2019-11-22T08:42:37.810Z - success: timeline loaded
2019-11-22T08:42:37.815Z - success: xiaomi-runtime loaded
2019-11-22T08:42:40.857Z - normal: Loading packages
2019-11-22T08:42:40.943Z - normal: Watching packages
2019-11-22T08:42:40.964Z - info: Cocos Services load base data!
2019-11-22T08:42:41.236Z - normal: Run Application
2019-11-22T08:43:42.807Z - info: 只有预制节点 "TeacherPanel" 及其子节点会被保存。
2019-11-22T08:43:43.095Z - info: 只有预制节点 "TeacherPanel" 及其子节点会被保存。
2019-11-22T08:43:43.656Z - info: 只有预制节点 "TeacherPanel" 及其子节点会被保存。
2019-11-22T08:43:43.940Z - info: 只有预制节点 "TeacherPanel" 及其子节点会被保存。
