2019-08-12T02:17:00.086Z - normal: Load ~/.CocosCreator/settings.json
2019-08-12T02:17:00.187Z - normal: Initializing Asset Database
2019-08-12T02:17:00.192Z - normal: checking language setting...
2019-08-12T02:17:00.192Z - normal: Language: zh
2019-08-12T02:17:01.115Z - success: preview server running at http://localhost:7456
2019-08-12T02:17:01.162Z - success: protocol editor-framework registered
2019-08-12T02:17:01.162Z - success: protocol app registered
2019-08-12T02:17:01.162Z - success: protocol theme registered
2019-08-12T02:17:01.162Z - success: protocol packages registered
2019-08-12T02:17:01.162Z - success: protocol uuid registerred
2019-08-12T02:17:01.163Z - success: protocol db registerred
2019-08-12T02:17:01.163Z - success: protocol thumbnail registerred
2019-08-12T02:17:01.163Z - success: protocol unpack registerred
2019-08-12T02:17:01.163Z - success: protocol disable-commonjs registerred
2019-08-12T02:17:01.247Z - normal: connected!
2019-08-12T02:17:01.249Z - normal: Check project /Users/xes/Desktop/hub/wupinfenlei
2019-08-12T02:17:01.251Z - normal: Initializing project /Users/xes/Desktop/hub/wupinfenlei
2019-08-12T02:17:01.669Z - normal: Initializing Cocos2d
2019-08-12T02:17:02.517Z - normal: Initializing engine extends
2019-08-12T02:17:02.622Z - success: asset-db-debugger loaded
2019-08-12T02:17:02.624Z - success: baidu-adapter loaded
2019-08-12T02:17:02.625Z - success: color-picker loaded
2019-08-12T02:17:02.731Z - success: fb-audience-network loaded
2019-08-12T02:17:02.791Z - success: fb-live-stream loaded
2019-08-12T02:17:02.794Z - success: google-play-instant loaded
2019-08-12T02:17:02.800Z - success: huawei-runtime loaded
2019-08-12T02:17:03.078Z - success: cpk-publish loaded
2019-08-12T02:17:03.079Z - success: jsb-adapter loaded
2019-08-12T02:17:03.085Z - success: oppo-runtime loaded
2019-08-12T02:17:03.102Z - success: package-manager loaded
2019-08-12T02:17:03.246Z - success: qqplay-adapter loaded
2019-08-12T02:17:03.248Z - success: runtime-dev-tools loaded
2019-08-12T02:17:03.270Z - success: sdkbox loaded
2019-08-12T02:17:03.290Z - success: tester loaded
2019-08-12T02:17:03.314Z - success: ui-grid loaded
2019-08-12T02:17:03.333Z - success: ui-kit-preview-extra loaded
2019-08-12T02:17:03.352Z - success: ui-kit-preview loaded
2019-08-12T02:17:03.371Z - success: ui-kit loaded
2019-08-12T02:17:03.389Z - success: ui-tree loaded
2019-08-12T02:17:03.396Z - success: vivo-runtime loaded
2019-08-12T02:17:03.397Z - success: weapp-adapter loaded
2019-08-12T02:17:03.398Z - success: xiaomi-adapter loaded
2019-08-12T02:17:03.464Z - success: assets loaded
2019-08-12T02:17:03.487Z - success: builder loaded
2019-08-12T02:17:03.809Z - success: cocos-services loaded
2019-08-12T02:17:03.832Z - success: console loaded
2019-08-12T02:17:03.872Z - success: fb-instant-games loaded
2019-08-12T02:17:03.874Z - success: google-instant-games loaded
2019-08-12T02:17:03.895Z - success: hierarchy loaded
2019-08-12T02:17:03.917Z - success: inspector loaded
2019-08-12T02:17:03.919Z - success: keystore loaded
2019-08-12T02:17:03.950Z - success: node-library loaded
2019-08-12T02:17:03.952Z - success: package-asset loaded
2019-08-12T02:17:03.953Z - success: preferences loaded
2019-08-12T02:17:04.007Z - success: project-exporter loaded
2019-08-12T02:17:04.028Z - success: project-importer loaded
2019-08-12T02:17:04.046Z - success: project-settings loaded
2019-08-12T02:17:04.069Z - success: scene loaded
2019-08-12T02:17:04.071Z - success: simulator-debugger loaded
2019-08-12T02:17:04.072Z - success: sprite-editor loaded
2019-08-12T02:17:04.095Z - success: store loaded
2019-08-12T02:17:04.121Z - success: timeline loaded
2019-08-12T02:17:04.128Z - success: xiaomi-runtime loaded
2019-08-12T02:17:04.149Z - success: auto_deploy loaded
2019-08-12T02:17:05.214Z - info: Cocos Services load base data!
2019-08-12T02:17:10.958Z - error: Can not find texture "true02.png" for atlas "/Users/xes/Desktop/hub/wupinfenlei/assets/resources/atlas/overTips/true01/true01.atlas"
    at TextureParser.load (/Applications/CocosCreator.app/Contents/Resources/engine/extensions/spine/editor/spine-meta.js:102:20)
    at TextureAtlas.load (/Applications/CocosCreator.app/Contents/Resources/engine/extensions/spine/lib/spine.js:5218:21)
    at new TextureAtlas (/Applications/CocosCreator.app/Contents/Resources/engine/extensions/spine/lib/spine.js:5183:9)
    at loadAtlasText (/Applications/CocosCreator.app/Contents/Resources/engine/extensions/spine/editor/spine-meta.js:193:21)
    at Fs.readFile (/Applications/CocosCreator.app/Contents/Resources/engine/extensions/spine/editor/spine-meta.js:70:13)
    at /Applications/CocosCreator.app/Contents/Resources/app.asar/node_modules/graceful-fs/graceful-fs.js:90:16
    at tryToString (fs.js:449:3)
    at FSReqWrap.readFileAfterClose [as oncomplete] (fs.js:436:12)
2019-08-12T02:17:10.960Z - failed: [db-task][init] Failed to post import asset /Users/xes/Desktop/hub/wupinfenlei/assets/resources/atlas/overTips/true01/true01.json, message: Error: Failed to load atlas file: "/Users/xes/Desktop/hub/wupinfenlei/assets/resources/atlas/overTips/true01/true01.atlas". TypeError: Cannot read property 'setFilters' of null
    at TextureAtlas.load (/Applications/CocosCreator.app/Contents/Resources/engine/extensions/spine/lib/spine.js:5219:18)
    at new TextureAtlas (/Applications/CocosCreator.app/Contents/Resources/engine/extensions/spine/lib/spine.js:5183:9)
    at loadAtlasText (/Applications/CocosCreator.app/Contents/Resources/engine/extensions/spine/editor/spine-meta.js:193:21)
    at Fs.readFile (/Applications/CocosCreator.app/Contents/Resources/engine/extensions/spine/editor/spine-meta.js:70:13)
    at /Applications/CocosCreator.app/Contents/Resources/app.asar/node_modules/graceful-fs/graceful-fs.js:90:16
    at tryToString (fs.js:449:3)
    at FSReqWrap.readFileAfterClose [as oncomplete] (fs.js:436:12)
    at loadAtlasText (/Applications/CocosCreator.app/Contents/Resources/engine/extensions/spine/editor/spine-meta.js:196:31)
    at Fs.readFile (/Applications/CocosCreator.app/Contents/Resources/engine/extensions/spine/editor/spine-meta.js:70:13)
    at /Applications/CocosCreator.app/Contents/Resources/app.asar/node_modules/graceful-fs/graceful-fs.js:90:16
    at tryToString (fs.js:449:3)
    at FSReqWrap.readFileAfterClose [as oncomplete] (fs.js:436:12)
2019-08-12T02:17:12.301Z - normal: Loading packages
2019-08-12T02:17:12.309Z - normal: Watching packages
2019-08-12T02:17:12.465Z - normal: Run Application
2019-08-12T02:24:09.559Z - normal: Start building with options : {
  "actualPlatform": "web-mobile",
  "android-instant": {
    "REMOTE_SERVER_ROOT": "http://10.2.35.30:7456/preview-android-instant/",
    "host": "",
    "pathPattern": "",
    "recordPath": "",
    "scheme": "https",
    "skipRecord": false
  },
  "apiLevel": "",
  "appABIs": [],
  "appBundle": false,
  "baidugame": {
    "REMOTE_SERVER_ROOT": "",
    "appid": "testappid",
    "orientation": "portrait",
    "subContext": ""
  },
  "buildPath": "/Users/xes/Desktop/hub/wupinfenlei/build",
  "debug": false,
  "dest": "/Users/xes/Desktop/hub/wupinfenlei/build/web-mobile",
  "embedWebDebugger": false,
  "encryptJs": true,
  "excludeScenes": [
    "6ecd0372-494a-432d-8c75-bc33749fe2fb"
  ],
  "excludedModules": [
    "Canvas Renderer",
    "Renderer Texture",
    "Dynamic Atlas",
    "LabelOutline",
    "ParticleSystem",
    "TiledMap",
    "DragonBones",
    "RichText",
    "MotionStreak",
    "PageView",
    "PageViewIndicator",
    "EditBox",
    "VideoPlayer",
    "WebView",
    "Animation",
    "Collider",
    "Physics",
    "NodePool",
    "StudioComponent",
    "Intersection",
    "Native Socket"
  ],
  "fb-instant-games": {},
  "includeSDKBox": false,
  "inlineSpriteFrames": true,
  "inlineSpriteFrames_native": true,
  "md5Cache": true,
  "mergeStartScene": true,
  "optimizeHotUpdate": false,
  "orientation": {
    "landscapeLeft": true,
    "landscapeRight": true,
    "portrait": false,
    "upsideDown": false
  },
  "packageName": "org.cocos2d.gameFrame",
  "platform": "web-mobile",
  "previewHeight": "720",
  "previewWidth": "1280",
  "qqplay": {
    "REMOTE_SERVER_ROOT": "",
    "orientation": "portrait",
    "zip": false
  },
  "scenes": [
    "a75e94dc-05bd-44a5-bdab-af7a2bed76a7"
  ],
  "sourceMaps": false,
  "startScene": "a75e94dc-05bd-44a5-bdab-af7a2bed76a7",
  "template": "link",
  "title": "gameFrame",
  "useDebugKeystore": true,
  "vsVersion": "auto",
  "webOrientation": "auto",
  "wechatgame": {
    "REMOTE_SERVER_ROOT": "",
    "appid": "wx6ac3f5090a6b99c5",
    "orientation": "portrait",
    "subContext": ""
  },
  "xxteaKey": "ce558dd3-8f51-47",
  "zipCompressJs": true,
  "project": "/Users/xes/Desktop/hub/wupinfenlei",
  "projectName": "gameFrame",
  "debugBuildWorker": false
}
2019-08-12T02:24:09.566Z - normal: Building /Users/xes/Desktop/hub/wupinfenlei
2019-08-12T02:24:09.567Z - normal: Destination /Users/xes/Desktop/hub/wupinfenlei/build/web-mobile
2019-08-12T02:24:09.688Z - normal: Delete /Users/xes/Desktop/hub/wupinfenlei/build/web-mobile/subpackages/**/*,/Users/xes/Desktop/hub/wupinfenlei/build/web-mobile/**/*
2019-08-12T02:24:14.985Z - normal: Start building assets
2019-08-12T02:24:14.985Z - normal: Start spawn build-worker
2019-08-12T02:24:15.759Z - normal: Finish spawn build-worker
2019-08-12T02:24:15.759Z - normal: Start init build-worker
2019-08-12T02:24:19.330Z - normal: Finish init build-worker
2019-08-12T02:24:19.330Z - normal: Start build-assets in worker
2019-08-12T02:24:48.779Z - normal: Finish build-assets in worker
2019-08-12T02:24:48.787Z - normal: Finish building assets
2019-08-12T02:24:48.850Z - normal: Start building plugin scripts
2019-08-12T02:24:48.905Z - normal: Generating main.js from /Applications/CocosCreator.app/Contents/Resources/static/build-templates/shares/main.js
2019-08-12T02:24:48.930Z - normal: Generating html from /Applications/CocosCreator.app/Contents/Resources/static/build-templates/web-mobile/template/index.html
2019-08-12T02:24:49.217Z - normal: Built to "/Users/xes/Desktop/hub/wupinfenlei/build/web-mobile" successfully
2019-08-12T02:25:10.153Z - normal: Start building with options : {
  "actualPlatform": "web-mobile",
  "android-instant": {
    "REMOTE_SERVER_ROOT": "http://10.2.35.30:7456/preview-android-instant/",
    "host": "",
    "pathPattern": "",
    "recordPath": "",
    "scheme": "https",
    "skipRecord": false
  },
  "apiLevel": "",
  "appABIs": [],
  "appBundle": false,
  "baidugame": {
    "REMOTE_SERVER_ROOT": "",
    "appid": "testappid",
    "orientation": "portrait",
    "subContext": ""
  },
  "buildPath": "/Users/xes/Desktop/hub/wupinfenlei/build",
  "debug": false,
  "dest": "/Users/xes/Desktop/hub/wupinfenlei/build/web-mobile",
  "embedWebDebugger": false,
  "encryptJs": true,
  "excludeScenes": [
    "6ecd0372-494a-432d-8c75-bc33749fe2fb"
  ],
  "excludedModules": [
    "Canvas Renderer",
    "Renderer Texture",
    "Dynamic Atlas",
    "LabelOutline",
    "ParticleSystem",
    "TiledMap",
    "DragonBones",
    "RichText",
    "MotionStreak",
    "PageView",
    "PageViewIndicator",
    "EditBox",
    "VideoPlayer",
    "WebView",
    "Animation",
    "Collider",
    "Physics",
    "NodePool",
    "StudioComponent",
    "Intersection",
    "Native Socket"
  ],
  "fb-instant-games": {},
  "includeSDKBox": false,
  "inlineSpriteFrames": true,
  "inlineSpriteFrames_native": true,
  "md5Cache": true,
  "mergeStartScene": true,
  "optimizeHotUpdate": false,
  "orientation": {
    "landscapeLeft": true,
    "landscapeRight": true,
    "portrait": false,
    "upsideDown": false
  },
  "packageName": "org.cocos2d.gameFrame",
  "platform": "web-mobile",
  "previewHeight": "720",
  "previewWidth": "1280",
  "qqplay": {
    "REMOTE_SERVER_ROOT": "",
    "orientation": "portrait",
    "zip": false
  },
  "scenes": [
    "a75e94dc-05bd-44a5-bdab-af7a2bed76a7"
  ],
  "sourceMaps": false,
  "startScene": "a75e94dc-05bd-44a5-bdab-af7a2bed76a7",
  "template": "link",
  "title": "gameFrame",
  "useDebugKeystore": true,
  "vsVersion": "auto",
  "webOrientation": "auto",
  "wechatgame": {
    "REMOTE_SERVER_ROOT": "",
    "appid": "wx6ac3f5090a6b99c5",
    "orientation": "portrait",
    "subContext": ""
  },
  "xxteaKey": "ce558dd3-8f51-47",
  "zipCompressJs": true,
  "project": "/Users/xes/Desktop/hub/wupinfenlei",
  "projectName": "gameFrame",
  "debugBuildWorker": false
}
2019-08-12T02:25:10.154Z - normal: Building /Users/xes/Desktop/hub/wupinfenlei
2019-08-12T02:25:10.155Z - normal: Destination /Users/xes/Desktop/hub/wupinfenlei/build/web-mobile
2019-08-12T02:25:10.156Z - normal: Delete /Users/xes/Desktop/hub/wupinfenlei/build/web-mobile/subpackages/**/*,/Users/xes/Desktop/hub/wupinfenlei/build/web-mobile/**/*
2019-08-12T02:25:14.734Z - normal: Start building assets
2019-08-12T02:25:14.735Z - normal: Start spawn build-worker
2019-08-12T02:25:15.512Z - normal: Finish spawn build-worker
2019-08-12T02:25:15.512Z - normal: Start init build-worker
2019-08-12T02:25:18.854Z - normal: Finish init build-worker
2019-08-12T02:25:18.854Z - normal: Start build-assets in worker
2019-08-12T02:25:44.362Z - normal: Finish build-assets in worker
2019-08-12T02:25:44.371Z - normal: Finish building assets
2019-08-12T02:25:44.431Z - normal: Start building plugin scripts
2019-08-12T02:25:44.464Z - normal: Generating main.js from /Applications/CocosCreator.app/Contents/Resources/static/build-templates/shares/main.js
2019-08-12T02:25:44.470Z - normal: Generating html from /Applications/CocosCreator.app/Contents/Resources/static/build-templates/web-mobile/template/index.html
2019-08-12T02:25:44.900Z - normal: Built to "/Users/xes/Desktop/hub/wupinfenlei/build/web-mobile" successfully
2019-08-12T02:31:19.927Z - normal: Start building with options : {
  "actualPlatform": "web-mobile",
  "android-instant": {
    "REMOTE_SERVER_ROOT": "http://10.2.35.30:7456/preview-android-instant/",
    "host": "",
    "pathPattern": "",
    "recordPath": "",
    "scheme": "https",
    "skipRecord": false
  },
  "apiLevel": "",
  "appABIs": [],
  "appBundle": false,
  "baidugame": {
    "REMOTE_SERVER_ROOT": "",
    "appid": "testappid",
    "orientation": "portrait",
    "subContext": ""
  },
  "buildPath": "/Users/xes/Desktop/hub/wupinfenlei/build",
  "debug": false,
  "dest": "/Users/xes/Desktop/hub/wupinfenlei/build/web-mobile",
  "embedWebDebugger": false,
  "encryptJs": true,
  "excludeScenes": [
    "6ecd0372-494a-432d-8c75-bc33749fe2fb"
  ],
  "excludedModules": [
    "Canvas Renderer",
    "Renderer Texture",
    "Dynamic Atlas",
    "LabelOutline",
    "ParticleSystem",
    "TiledMap",
    "DragonBones",
    "RichText",
    "MotionStreak",
    "PageView",
    "PageViewIndicator",
    "EditBox",
    "VideoPlayer",
    "WebView",
    "Animation",
    "Collider",
    "Physics",
    "NodePool",
    "StudioComponent",
    "Intersection",
    "Native Socket"
  ],
  "fb-instant-games": {},
  "includeSDKBox": false,
  "inlineSpriteFrames": true,
  "inlineSpriteFrames_native": true,
  "md5Cache": true,
  "mergeStartScene": true,
  "optimizeHotUpdate": false,
  "orientation": {
    "landscapeLeft": true,
    "landscapeRight": true,
    "portrait": false,
    "upsideDown": false
  },
  "packageName": "org.cocos2d.gameFrame",
  "platform": "web-mobile",
  "previewHeight": "720",
  "previewWidth": "1280",
  "qqplay": {
    "REMOTE_SERVER_ROOT": "",
    "orientation": "portrait",
    "zip": false
  },
  "scenes": [
    "a75e94dc-05bd-44a5-bdab-af7a2bed76a7"
  ],
  "sourceMaps": false,
  "startScene": "a75e94dc-05bd-44a5-bdab-af7a2bed76a7",
  "template": "link",
  "title": "gameFrame",
  "useDebugKeystore": true,
  "vsVersion": "auto",
  "webOrientation": "auto",
  "wechatgame": {
    "REMOTE_SERVER_ROOT": "",
    "appid": "wx6ac3f5090a6b99c5",
    "orientation": "portrait",
    "subContext": ""
  },
  "xxteaKey": "ce558dd3-8f51-47",
  "zipCompressJs": true,
  "project": "/Users/xes/Desktop/hub/wupinfenlei",
  "projectName": "gameFrame",
  "debugBuildWorker": false
}
2019-08-12T02:31:19.933Z - normal: Building /Users/xes/Desktop/hub/wupinfenlei
2019-08-12T02:31:19.934Z - normal: Destination /Users/xes/Desktop/hub/wupinfenlei/build/web-mobile
2019-08-12T02:31:19.936Z - normal: Delete /Users/xes/Desktop/hub/wupinfenlei/build/web-mobile/subpackages/**/*,/Users/xes/Desktop/hub/wupinfenlei/build/web-mobile/**/*
2019-08-12T02:31:56.778Z - normal: Start building assets
2019-08-12T02:31:56.779Z - normal: Start spawn build-worker
2019-08-12T02:32:01.597Z - normal: Finish spawn build-worker
2019-08-12T02:32:01.600Z - normal: Start init build-worker
2019-08-12T02:32:23.003Z - normal: Finish init build-worker
2019-08-12T02:32:23.009Z - normal: Start build-assets in worker
2019-08-12T02:33:37.232Z - normal: Finish build-assets in worker
2019-08-12T02:33:37.253Z - normal: Finish building assets
2019-08-12T02:33:37.368Z - normal: Start building plugin scripts
2019-08-12T02:33:37.454Z - normal: Generating main.js from /Applications/CocosCreator.app/Contents/Resources/static/build-templates/shares/main.js
2019-08-12T02:33:37.493Z - normal: Generating html from /Applications/CocosCreator.app/Contents/Resources/static/build-templates/web-mobile/template/index.html
2019-08-12T02:33:38.611Z - normal: Built to "/Users/xes/Desktop/hub/wupinfenlei/build/web-mobile" successfully
2019-08-12T02:41:17.795Z - normal: Start building with options : {
  "actualPlatform": "web-mobile",
  "android-instant": {
    "REMOTE_SERVER_ROOT": "http://10.2.35.30:7456/preview-android-instant/",
    "host": "",
    "pathPattern": "",
    "recordPath": "",
    "scheme": "https",
    "skipRecord": false
  },
  "apiLevel": "",
  "appABIs": [],
  "appBundle": false,
  "baidugame": {
    "REMOTE_SERVER_ROOT": "",
    "appid": "testappid",
    "orientation": "portrait",
    "subContext": ""
  },
  "buildPath": "/Users/xes/Desktop/hub/wupinfenlei/build",
  "debug": false,
  "dest": "/Users/xes/Desktop/hub/wupinfenlei/build/web-mobile",
  "embedWebDebugger": false,
  "encryptJs": true,
  "excludeScenes": [
    "6ecd0372-494a-432d-8c75-bc33749fe2fb"
  ],
  "excludedModules": [
    "Canvas Renderer",
    "Renderer Texture",
    "Dynamic Atlas",
    "LabelOutline",
    "ParticleSystem",
    "TiledMap",
    "DragonBones",
    "RichText",
    "MotionStreak",
    "PageView",
    "PageViewIndicator",
    "EditBox",
    "VideoPlayer",
    "WebView",
    "Animation",
    "Collider",
    "Physics",
    "NodePool",
    "StudioComponent",
    "Intersection",
    "Native Socket"
  ],
  "fb-instant-games": {},
  "includeSDKBox": false,
  "inlineSpriteFrames": true,
  "inlineSpriteFrames_native": true,
  "md5Cache": true,
  "mergeStartScene": true,
  "optimizeHotUpdate": false,
  "orientation": {
    "landscapeLeft": true,
    "landscapeRight": true,
    "portrait": false,
    "upsideDown": false
  },
  "packageName": "org.cocos2d.gameFrame",
  "platform": "web-mobile",
  "previewHeight": "720",
  "previewWidth": "1280",
  "qqplay": {
    "REMOTE_SERVER_ROOT": "",
    "orientation": "portrait",
    "zip": false
  },
  "scenes": [
    "a75e94dc-05bd-44a5-bdab-af7a2bed76a7"
  ],
  "sourceMaps": false,
  "startScene": "a75e94dc-05bd-44a5-bdab-af7a2bed76a7",
  "template": "link",
  "title": "gameFrame",
  "useDebugKeystore": true,
  "vsVersion": "auto",
  "webOrientation": "auto",
  "wechatgame": {
    "REMOTE_SERVER_ROOT": "",
    "appid": "wx6ac3f5090a6b99c5",
    "orientation": "portrait",
    "subContext": ""
  },
  "xxteaKey": "ce558dd3-8f51-47",
  "zipCompressJs": true,
  "project": "/Users/xes/Desktop/hub/wupinfenlei",
  "projectName": "gameFrame",
  "debugBuildWorker": false
}
2019-08-12T02:41:17.802Z - normal: Building /Users/xes/Desktop/hub/wupinfenlei
2019-08-12T02:41:17.802Z - normal: Destination /Users/xes/Desktop/hub/wupinfenlei/build/web-mobile
2019-08-12T02:41:17.804Z - normal: Delete /Users/xes/Desktop/hub/wupinfenlei/build/web-mobile/subpackages/**/*,/Users/xes/Desktop/hub/wupinfenlei/build/web-mobile/**/*
2019-08-12T02:41:25.307Z - normal: Start building assets
2019-08-12T02:41:25.308Z - normal: Start spawn build-worker
2019-08-12T02:41:26.705Z - normal: Finish spawn build-worker
2019-08-12T02:41:26.705Z - normal: Start init build-worker
2019-08-12T02:41:32.202Z - normal: Finish init build-worker
2019-08-12T02:41:32.202Z - normal: Start build-assets in worker
2019-08-12T02:42:16.996Z - normal: Finish build-assets in worker
2019-08-12T02:42:17.007Z - normal: Finish building assets
2019-08-12T02:42:17.075Z - normal: Start building plugin scripts
2019-08-12T02:42:17.131Z - normal: Generating main.js from /Applications/CocosCreator.app/Contents/Resources/static/build-templates/shares/main.js
2019-08-12T02:42:17.140Z - normal: Generating html from /Applications/CocosCreator.app/Contents/Resources/static/build-templates/web-mobile/template/index.html
2019-08-12T02:42:17.567Z - normal: Built to "/Users/xes/Desktop/hub/wupinfenlei/build/web-mobile" successfully
2019-08-12T02:43:25.541Z - normal: Start building with options : {
  "actualPlatform": "web-mobile",
  "android-instant": {
    "REMOTE_SERVER_ROOT": "http://10.2.35.30:7456/preview-android-instant/",
    "host": "",
    "pathPattern": "",
    "recordPath": "",
    "scheme": "https",
    "skipRecord": false
  },
  "apiLevel": "",
  "appABIs": [],
  "appBundle": false,
  "baidugame": {
    "REMOTE_SERVER_ROOT": "",
    "appid": "testappid",
    "orientation": "portrait",
    "subContext": ""
  },
  "buildPath": "/Users/xes/Desktop/hub/wupinfenlei/build",
  "debug": false,
  "dest": "/Users/xes/Desktop/hub/wupinfenlei/build/web-mobile",
  "embedWebDebugger": false,
  "encryptJs": true,
  "excludeScenes": [
    "6ecd0372-494a-432d-8c75-bc33749fe2fb"
  ],
  "excludedModules": [
    "Canvas Renderer",
    "Renderer Texture",
    "Dynamic Atlas",
    "LabelOutline",
    "ParticleSystem",
    "TiledMap",
    "DragonBones",
    "RichText",
    "MotionStreak",
    "PageView",
    "PageViewIndicator",
    "EditBox",
    "VideoPlayer",
    "WebView",
    "Animation",
    "Collider",
    "Physics",
    "NodePool",
    "StudioComponent",
    "Intersection",
    "Native Socket"
  ],
  "fb-instant-games": {},
  "includeSDKBox": false,
  "inlineSpriteFrames": true,
  "inlineSpriteFrames_native": true,
  "md5Cache": true,
  "mergeStartScene": true,
  "optimizeHotUpdate": false,
  "orientation": {
    "landscapeLeft": true,
    "landscapeRight": true,
    "portrait": false,
    "upsideDown": false
  },
  "packageName": "org.cocos2d.gameFrame",
  "platform": "web-mobile",
  "previewHeight": "720",
  "previewWidth": "1280",
  "qqplay": {
    "REMOTE_SERVER_ROOT": "",
    "orientation": "portrait",
    "zip": false
  },
  "scenes": [
    "a75e94dc-05bd-44a5-bdab-af7a2bed76a7"
  ],
  "sourceMaps": false,
  "startScene": "a75e94dc-05bd-44a5-bdab-af7a2bed76a7",
  "template": "link",
  "title": "gameFrame",
  "useDebugKeystore": true,
  "vsVersion": "auto",
  "webOrientation": "auto",
  "wechatgame": {
    "REMOTE_SERVER_ROOT": "",
    "appid": "wx6ac3f5090a6b99c5",
    "orientation": "portrait",
    "subContext": ""
  },
  "xxteaKey": "ce558dd3-8f51-47",
  "zipCompressJs": true,
  "project": "/Users/xes/Desktop/hub/wupinfenlei",
  "projectName": "gameFrame",
  "debugBuildWorker": false
}
2019-08-12T02:43:25.546Z - normal: Building /Users/xes/Desktop/hub/wupinfenlei
2019-08-12T02:43:25.546Z - normal: Destination /Users/xes/Desktop/hub/wupinfenlei/build/web-mobile
2019-08-12T02:43:25.549Z - normal: Delete /Users/xes/Desktop/hub/wupinfenlei/build/web-mobile/subpackages/**/*,/Users/xes/Desktop/hub/wupinfenlei/build/web-mobile/**/*
2019-08-12T02:43:33.965Z - normal: Start building assets
2019-08-12T02:43:33.966Z - normal: Start spawn build-worker
2019-08-12T02:43:36.796Z - normal: Finish spawn build-worker
2019-08-12T02:43:36.797Z - normal: Start init build-worker
2019-08-12T02:43:45.174Z - normal: Finish init build-worker
2019-08-12T02:43:45.174Z - normal: Start build-assets in worker
2019-08-12T02:44:22.598Z - normal: Finish build-assets in worker
2019-08-12T02:44:22.606Z - normal: Finish building assets
2019-08-12T02:44:22.664Z - normal: Start building plugin scripts
2019-08-12T02:44:22.714Z - normal: Generating main.js from /Applications/CocosCreator.app/Contents/Resources/static/build-templates/shares/main.js
2019-08-12T02:44:22.721Z - normal: Generating html from /Applications/CocosCreator.app/Contents/Resources/static/build-templates/web-mobile/template/index.html
2019-08-12T02:44:22.976Z - normal: Built to "/Users/xes/Desktop/hub/wupinfenlei/build/web-mobile" successfully
2019-08-12T02:47:43.305Z - normal: Start building with options : {
  "actualPlatform": "web-mobile",
  "android-instant": {
    "REMOTE_SERVER_ROOT": "http://10.2.35.30:7456/preview-android-instant/",
    "host": "",
    "pathPattern": "",
    "recordPath": "",
    "scheme": "https",
    "skipRecord": false
  },
  "apiLevel": "",
  "appABIs": [],
  "appBundle": false,
  "baidugame": {
    "REMOTE_SERVER_ROOT": "",
    "appid": "testappid",
    "orientation": "portrait",
    "subContext": ""
  },
  "buildPath": "/Users/xes/Desktop/hub/wupinfenlei/build",
  "debug": false,
  "dest": "/Users/xes/Desktop/hub/wupinfenlei/build/web-mobile",
  "embedWebDebugger": false,
  "encryptJs": true,
  "excludeScenes": [
    "6ecd0372-494a-432d-8c75-bc33749fe2fb"
  ],
  "excludedModules": [
    "Canvas Renderer",
    "Renderer Texture",
    "Dynamic Atlas",
    "LabelOutline",
    "ParticleSystem",
    "TiledMap",
    "DragonBones",
    "RichText",
    "MotionStreak",
    "PageView",
    "PageViewIndicator",
    "EditBox",
    "VideoPlayer",
    "WebView",
    "Animation",
    "Collider",
    "Physics",
    "NodePool",
    "StudioComponent",
    "Intersection",
    "Native Socket"
  ],
  "fb-instant-games": {},
  "includeSDKBox": false,
  "inlineSpriteFrames": true,
  "inlineSpriteFrames_native": true,
  "md5Cache": true,
  "mergeStartScene": true,
  "optimizeHotUpdate": false,
  "orientation": {
    "landscapeLeft": true,
    "landscapeRight": true,
    "portrait": false,
    "upsideDown": false
  },
  "packageName": "org.cocos2d.gameFrame",
  "platform": "web-mobile",
  "previewHeight": "720",
  "previewWidth": "1280",
  "qqplay": {
    "REMOTE_SERVER_ROOT": "",
    "orientation": "portrait",
    "zip": false
  },
  "scenes": [
    "a75e94dc-05bd-44a5-bdab-af7a2bed76a7"
  ],
  "sourceMaps": false,
  "startScene": "a75e94dc-05bd-44a5-bdab-af7a2bed76a7",
  "template": "link",
  "title": "gameFrame",
  "useDebugKeystore": true,
  "vsVersion": "auto",
  "webOrientation": "auto",
  "wechatgame": {
    "REMOTE_SERVER_ROOT": "",
    "appid": "wx6ac3f5090a6b99c5",
    "orientation": "portrait",
    "subContext": ""
  },
  "xxteaKey": "ce558dd3-8f51-47",
  "zipCompressJs": true,
  "project": "/Users/xes/Desktop/hub/wupinfenlei",
  "projectName": "gameFrame",
  "debugBuildWorker": false
}
2019-08-12T02:47:43.314Z - normal: Building /Users/xes/Desktop/hub/wupinfenlei
2019-08-12T02:47:43.314Z - normal: Destination /Users/xes/Desktop/hub/wupinfenlei/build/web-mobile
2019-08-12T02:47:43.316Z - normal: Delete /Users/xes/Desktop/hub/wupinfenlei/build/web-mobile/subpackages/**/*,/Users/xes/Desktop/hub/wupinfenlei/build/web-mobile/**/*
2019-08-12T02:47:50.739Z - normal: Start building assets
2019-08-12T02:47:50.739Z - normal: Start spawn build-worker
2019-08-12T02:47:52.055Z - normal: Finish spawn build-worker
2019-08-12T02:47:52.057Z - normal: Start init build-worker
2019-08-12T02:47:57.398Z - normal: Finish init build-worker
2019-08-12T02:47:57.399Z - normal: Start build-assets in worker
2019-08-12T02:48:40.324Z - normal: Finish build-assets in worker
2019-08-12T02:48:40.331Z - normal: Finish building assets
2019-08-12T02:48:40.407Z - normal: Start building plugin scripts
2019-08-12T02:48:40.511Z - normal: Generating main.js from /Applications/CocosCreator.app/Contents/Resources/static/build-templates/shares/main.js
2019-08-12T02:48:40.528Z - normal: Generating html from /Applications/CocosCreator.app/Contents/Resources/static/build-templates/web-mobile/template/index.html
2019-08-12T02:48:41.030Z - normal: Built to "/Users/xes/Desktop/hub/wupinfenlei/build/web-mobile" successfully
2019-08-12T02:53:25.322Z - normal: Start building with options : {
  "actualPlatform": "web-mobile",
  "android-instant": {
    "REMOTE_SERVER_ROOT": "http://10.2.35.30:7456/preview-android-instant/",
    "host": "",
    "pathPattern": "",
    "recordPath": "",
    "scheme": "https",
    "skipRecord": false
  },
  "apiLevel": "",
  "appABIs": [],
  "appBundle": false,
  "baidugame": {
    "REMOTE_SERVER_ROOT": "",
    "appid": "testappid",
    "orientation": "portrait",
    "subContext": ""
  },
  "buildPath": "/Users/xes/Desktop/hub/wupinfenlei/build",
  "debug": false,
  "dest": "/Users/xes/Desktop/hub/wupinfenlei/build/web-mobile",
  "embedWebDebugger": false,
  "encryptJs": true,
  "excludeScenes": [
    "a75e94dc-05bd-44a5-bdab-af7a2bed76a7"
  ],
  "excludedModules": [
    "Canvas Renderer",
    "Renderer Texture",
    "Dynamic Atlas",
    "LabelOutline",
    "ParticleSystem",
    "TiledMap",
    "DragonBones",
    "RichText",
    "MotionStreak",
    "PageView",
    "PageViewIndicator",
    "EditBox",
    "VideoPlayer",
    "WebView",
    "Animation",
    "Collider",
    "Physics",
    "NodePool",
    "StudioComponent",
    "Intersection",
    "Native Socket"
  ],
  "fb-instant-games": {},
  "includeSDKBox": false,
  "inlineSpriteFrames": true,
  "inlineSpriteFrames_native": true,
  "md5Cache": true,
  "mergeStartScene": true,
  "optimizeHotUpdate": false,
  "orientation": {
    "landscapeLeft": true,
    "landscapeRight": true,
    "portrait": false,
    "upsideDown": false
  },
  "packageName": "org.cocos2d.gameFrame",
  "platform": "web-mobile",
  "previewHeight": "720",
  "previewWidth": "1280",
  "qqplay": {
    "REMOTE_SERVER_ROOT": "",
    "orientation": "portrait",
    "zip": false
  },
  "scenes": [
    "6ecd0372-494a-432d-8c75-bc33749fe2fb"
  ],
  "sourceMaps": false,
  "startScene": "6ecd0372-494a-432d-8c75-bc33749fe2fb",
  "template": "link",
  "title": "gameFrame",
  "useDebugKeystore": true,
  "vsVersion": "auto",
  "webOrientation": "auto",
  "wechatgame": {
    "REMOTE_SERVER_ROOT": "",
    "appid": "wx6ac3f5090a6b99c5",
    "orientation": "portrait",
    "subContext": ""
  },
  "xxteaKey": "ce558dd3-8f51-47",
  "zipCompressJs": true,
  "project": "/Users/xes/Desktop/hub/wupinfenlei",
  "projectName": "gameFrame",
  "debugBuildWorker": false
}
2019-08-12T02:53:25.328Z - normal: Building /Users/xes/Desktop/hub/wupinfenlei
2019-08-12T02:53:25.331Z - normal: Destination /Users/xes/Desktop/hub/wupinfenlei/build/web-mobile
2019-08-12T02:53:25.335Z - normal: Delete /Users/xes/Desktop/hub/wupinfenlei/build/web-mobile/subpackages/**/*,/Users/xes/Desktop/hub/wupinfenlei/build/web-mobile/**/*
2019-08-12T02:53:37.883Z - normal: Start building assets
2019-08-12T02:53:37.884Z - normal: Start spawn build-worker
2019-08-12T02:53:39.696Z - normal: Finish spawn build-worker
2019-08-12T02:53:39.697Z - normal: Start init build-worker
2019-08-12T02:53:46.652Z - normal: Finish init build-worker
2019-08-12T02:53:46.653Z - normal: Start build-assets in worker
2019-08-12T02:54:36.526Z - normal: Finish build-assets in worker
2019-08-12T02:54:36.553Z - normal: Finish building assets
2019-08-12T02:54:36.647Z - normal: Start building plugin scripts
2019-08-12T02:54:36.714Z - normal: Generating main.js from /Applications/CocosCreator.app/Contents/Resources/static/build-templates/shares/main.js
2019-08-12T02:54:36.734Z - normal: Generating html from /Applications/CocosCreator.app/Contents/Resources/static/build-templates/web-mobile/template/index.html
2019-08-12T02:54:37.468Z - normal: Built to "/Users/xes/Desktop/hub/wupinfenlei/build/web-mobile" successfully
