2019-07-02T11:39:21.126Z - normal: Load ~/.CocosCreator/settings.json
2019-07-02T11:39:21.187Z - normal: Initializing Asset Database
2019-07-02T11:39:21.190Z - normal: checking language setting...
2019-07-02T11:39:21.190Z - normal: Language: zh
2019-07-02T11:39:21.889Z - success: preview server running at http://localhost:7456
2019-07-02T11:39:21.946Z - success: protocol editor-framework registered
2019-07-02T11:39:21.946Z - success: protocol app registered
2019-07-02T11:39:21.946Z - success: protocol theme registered
2019-07-02T11:39:21.946Z - success: protocol packages registered
2019-07-02T11:39:21.946Z - success: protocol uuid registerred
2019-07-02T11:39:21.947Z - success: protocol db registerred
2019-07-02T11:39:21.947Z - success: protocol thumbnail registerred
2019-07-02T11:39:21.947Z - success: protocol unpack registerred
2019-07-02T11:39:21.947Z - success: protocol disable-commonjs registerred
2019-07-02T11:39:22.035Z - normal: connected!
2019-07-02T11:39:22.037Z - normal: Check project /Users/xes/Desktop/hub/pinyinshu
2019-07-02T11:39:22.038Z - normal: Initializing project /Users/xes/Desktop/hub/pinyinshu
2019-07-02T11:39:22.397Z - normal: Initializing Cocos2d
2019-07-02T11:39:23.186Z - normal: Initializing engine extends
2019-07-02T11:39:23.236Z - success: asset-db-debugger loaded
2019-07-02T11:39:23.238Z - success: baidu-adapter loaded
2019-07-02T11:39:23.238Z - success: color-picker loaded
2019-07-02T11:39:23.325Z - success: fb-audience-network loaded
2019-07-02T11:39:23.369Z - success: fb-live-stream loaded
2019-07-02T11:39:23.372Z - success: google-play-instant loaded
2019-07-02T11:39:23.377Z - success: huawei-runtime loaded
2019-07-02T11:39:23.377Z - success: jsb-adapter loaded
2019-07-02T11:39:23.381Z - success: oppo-runtime loaded
2019-07-02T11:39:23.402Z - success: package-manager loaded
2019-07-02T11:39:23.552Z - success: qqplay-adapter loaded
2019-07-02T11:39:23.554Z - success: runtime-dev-tools loaded
2019-07-02T11:39:23.579Z - success: sdkbox loaded
2019-07-02T11:39:23.601Z - success: tester loaded
2019-07-02T11:39:23.623Z - success: ui-grid loaded
2019-07-02T11:39:23.641Z - success: ui-kit-preview-extra loaded
2019-07-02T11:39:23.661Z - success: ui-kit-preview loaded
2019-07-02T11:39:23.680Z - success: ui-kit loaded
2019-07-02T11:39:23.705Z - success: ui-tree loaded
2019-07-02T11:39:23.709Z - success: vivo-runtime loaded
2019-07-02T11:39:23.710Z - success: weapp-adapter loaded
2019-07-02T11:39:23.764Z - success: assets loaded
2019-07-02T11:39:23.782Z - success: builder loaded
2019-07-02T11:39:24.058Z - success: cocos-services loaded
2019-07-02T11:39:24.079Z - success: console loaded
2019-07-02T11:39:24.118Z - success: fb-instant-games loaded
2019-07-02T11:39:24.121Z - success: google-instant-games loaded
2019-07-02T11:39:24.143Z - success: hierarchy loaded
2019-07-02T11:39:24.161Z - success: inspector loaded
2019-07-02T11:39:24.162Z - success: keystore loaded
2019-07-02T11:39:24.183Z - success: node-library loaded
2019-07-02T11:39:24.219Z - success: package-asset loaded
2019-07-02T11:39:24.221Z - success: preferences loaded
2019-07-02T11:39:24.238Z - success: project-exporter loaded
2019-07-02T11:39:24.258Z - success: project-importer loaded
2019-07-02T11:39:24.278Z - success: project-settings loaded
2019-07-02T11:39:24.299Z - success: scene loaded
2019-07-02T11:39:24.302Z - success: simulator-debugger loaded
2019-07-02T11:39:24.305Z - success: sprite-editor loaded
2019-07-02T11:39:24.324Z - success: store loaded
2019-07-02T11:39:24.344Z - success: timeline loaded
2019-07-02T11:39:25.188Z - info: Cocos Services load base data!
2019-07-02T11:39:27.474Z - normal: Loading packages
2019-07-02T11:39:27.486Z - normal: Watching packages
2019-07-02T11:39:27.599Z - normal: Run Application
2019-07-02T11:39:33.618Z - error: A Class already exists with the same __classname__ : "affirmTips".
    at /Applications/CocosCreator.app/Contents/Resources/engine/bin/.cache/dev/cocos2d/core/platform/js.js:256:32
    at Object.js.setClassName (/Applications/CocosCreator.app/Contents/Resources/engine/bin/.cache/dev/cocos2d/core/platform/js.js:266:17)
    at doDefine (/Applications/CocosCreator.app/Contents/Resources/engine/bin/.cache/dev/cocos2d/core/platform/CCClass.js:279:16)
    at define (/Applications/CocosCreator.app/Contents/Resources/engine/bin/.cache/dev/cocos2d/core/platform/CCClass.js:295:23)
    at Object.CCClass [as Class] (/Applications/CocosCreator.app/Contents/Resources/engine/bin/.cache/dev/cocos2d/core/platform/CCClass.js:662:23)
    at /Applications/CocosCreator.app/Contents/Resources/engine/bin/.cache/dev/cocos2d/core/platform/CCClassDecorator.js:183:26
    at /Applications/CocosCreator.app/Contents/Resources/engine/bin/.cache/dev/cocos2d/core/platform/CCClassDecorator.js:34:28
    at window.__decorate (/Applications/CocosCreator.app/Contents/Resources/engine/bin/.cache/dev/polyfill/typescript.js:65:38)
    at /Users/xes/Desktop/hub/pinyinshu/temp/quick-scripts/assets/scripts/UI/Item/AffirmTips.js:134:33
2019-07-02T11:39:33.619Z - error: A Class already exists with the same __cid__ : "ef23cpPl5tOlrhRvb86pFJF".
    at Object._setClassId (/Applications/CocosCreator.app/Contents/Resources/engine/bin/.cache/dev/cocos2d/core/platform/js.js:256:32)
    at define (/Applications/CocosCreator.app/Contents/Resources/engine/bin/.cache/dev/cocos2d/core/platform/CCClass.js:300:28)
    at Object.CCClass [as Class] (/Applications/CocosCreator.app/Contents/Resources/engine/bin/.cache/dev/cocos2d/core/platform/CCClass.js:662:23)
    at /Applications/CocosCreator.app/Contents/Resources/engine/bin/.cache/dev/cocos2d/core/platform/CCClassDecorator.js:183:26
    at /Applications/CocosCreator.app/Contents/Resources/engine/bin/.cache/dev/cocos2d/core/platform/CCClassDecorator.js:34:28
    at window.__decorate (/Applications/CocosCreator.app/Contents/Resources/engine/bin/.cache/dev/polyfill/typescript.js:65:38)
    at /Users/xes/Desktop/hub/pinyinshu/temp/quick-scripts/assets/scripts/UI/Item/AffirmTips.js:134:33
    at __define (/Users/xes/Desktop/hub/pinyinshu/temp/quick-scripts/assets/scripts/UI/Item/AffirmTips.js:138:2)
    at /Users/xes/Desktop/hub/pinyinshu/temp/quick-scripts/assets/scripts/UI/Item/AffirmTips.js:144:13
2019-07-02T11:39:33.758Z - warn: Script attached to "LoadingUI" in scene "Teacher.fire" is missing or invalid. Detailed information:
Node path: "LoadingUI"
Asset url: "db://assets/scene/Teacher.fire"
Script UUID: "cf8a6e91-3b68-4958-937b-ab576de3fce7"
Class ID: "cf8a66RO2hJWJN7q1dt4/zn"

2019-07-02T11:39:33.797Z - warn: Script attached to "LoadingUI" in prefab "LoadingUI.prefab" is missing or invalid. Detailed information:
Node path: "LoadingUI"
Asset url: "db://assets/resources/prefab/ui/panel/LoadingUI.prefab"
Script UUID: "cf8a6e91-3b68-4958-937b-ab576de3fce7"
Class ID: "cf8a66RO2hJWJN7q1dt4/zn"

2019-07-02T11:39:37.521Z - warn: Script attached to "LoadingUI" in scene "Student.fire" is missing or invalid. Detailed information:
Node path: "LoadingUI"
Asset url: "db://assets/scene/Student.fire"
Script UUID: "cf8a6e91-3b68-4958-937b-ab576de3fce7"
Class ID: "cf8a66RO2hJWJN7q1dt4/zn"

2019-07-02T11:39:37.562Z - warn: Script attached to "LoadingUI" in prefab "LoadingUI.prefab" is missing or invalid. Detailed information:
Node path: "LoadingUI"
Asset url: "db://assets/resources/prefab/ui/panel/LoadingUI.prefab"
Script UUID: "cf8a6e91-3b68-4958-937b-ab576de3fce7"
Class ID: "cf8a66RO2hJWJN7q1dt4/zn"

2019-07-02T11:40:05.566Z - warn: Script attached to "LoadingUI" in scene "Teacher.fire" is missing or invalid. Detailed information:
Node path: "LoadingUI"
Asset url: "db://assets/scene/Teacher.fire"
Script UUID: "cf8a6e91-3b68-4958-937b-ab576de3fce7"
Class ID: "cf8a66RO2hJWJN7q1dt4/zn"

2019-07-02T11:40:05.608Z - warn: Script attached to "LoadingUI" in prefab "LoadingUI.prefab" is missing or invalid. Detailed information:
Node path: "LoadingUI"
Asset url: "db://assets/resources/prefab/ui/panel/LoadingUI.prefab"
Script UUID: "cf8a6e91-3b68-4958-937b-ab576de3fce7"
Class ID: "cf8a66RO2hJWJN7q1dt4/zn"

2019-07-02T11:40:06.777Z - warn: Script attached to "LoadingUI" in scene "Teacher.fire" is missing or invalid. Detailed information:
Node path: "LoadingUI"
Asset url: "db://assets/scene/Teacher.fire"
Script UUID: "cf8a6e91-3b68-4958-937b-ab576de3fce7"
Class ID: "cf8a66RO2hJWJN7q1dt4/zn"

2019-07-02T11:40:06.805Z - warn: Script attached to "LoadingUI" in prefab "LoadingUI.prefab" is missing or invalid. Detailed information:
Node path: "LoadingUI"
Asset url: "db://assets/resources/prefab/ui/panel/LoadingUI.prefab"
Script UUID: "cf8a6e91-3b68-4958-937b-ab576de3fce7"
Class ID: "cf8a66RO2hJWJN7q1dt4/zn"

2019-07-02T11:41:06.155Z - warn: Script attached to "LoadingUI" in prefab "LoadingUI.prefab" is missing or invalid. Detailed information:
Node path: "LoadingUI"
Asset url: "db://assets/resources/prefab/ui/panel/LoadingUI.prefab"
Script UUID: "cf8a6e91-3b68-4958-937b-ab576de3fce7"
Class ID: "cf8a66RO2hJWJN7q1dt4/zn"

2019-07-02T11:41:37.807Z - normal: Start building with options : {
  "actualPlatform": "web-mobile",
  "android-instant": {
    "REMOTE_SERVER_ROOT": "",
    "host": "",
    "pathPattern": "",
    "recordPath": "",
    "scheme": "https",
    "skipRecord": false
  },
  "apiLevel": "",
  "appABIs": [],
  "appBundle": false,
  "baidugame": {
    "REMOTE_SERVER_ROOT": "",
    "appid": "testappid",
    "orientation": "portrait",
    "subContext": ""
  },
  "buildPath": "/Users/xes/Desktop/hub/pinyinshu/build",
  "debug": false,
  "dest": "/Users/xes/Desktop/hub/pinyinshu/build/web-mobile",
  "embedWebDebugger": false,
  "encryptJs": true,
  "excludeScenes": [
    "a75e94dc-05bd-44a5-bdab-af7a2bed76a7"
  ],
  "excludedModules": [
    "Dynamic Atlas",
    "LabelOutline",
    "ParticleSystem",
    "TiledMap",
    "DragonBones",
    "RichText",
    "MotionStreak",
    "ScrollBar",
    "ScrollView",
    "PageView",
    "PageViewIndicator",
    "Slider",
    "VideoPlayer",
    "WebView",
    "Animation",
    "Collider",
    "Physics",
    "NodePool",
    "StudioComponent",
    "Intersection",
    "Native Socket"
  ],
  "fb-instant-games": {},
  "includeSDKBox": false,
  "inlineSpriteFrames": true,
  "inlineSpriteFrames_native": true,
  "md5Cache": true,
  "mergeStartScene": false,
  "optimizeHotUpdate": false,
  "orientation": {
    "landscapeLeft": true,
    "landscapeRight": true,
    "portrait": false,
    "upsideDown": false
  },
  "packageName": "org.cocos2d.gameFrame",
  "platform": "web-mobile",
  "previewHeight": "720",
  "previewWidth": "1280",
  "qqplay": {
    "REMOTE_SERVER_ROOT": "",
    "orientation": "portrait",
    "zip": false
  },
  "scenes": [
    "6ecd0372-494a-432d-8c75-bc33749fe2fb"
  ],
  "sourceMaps": false,
  "startScene": "6ecd0372-494a-432d-8c75-bc33749fe2fb",
  "template": "link",
  "title": "pinyinshu",
  "useDebugKeystore": true,
  "vsVersion": "auto",
  "webOrientation": "auto",
  "wechatgame": {
    "REMOTE_SERVER_ROOT": "",
    "appid": "wx6ac3f5090a6b99c5",
    "orientation": "portrait",
    "subContext": ""
  },
  "xxteaKey": "ce558dd3-8f51-47",
  "zipCompressJs": true,
  "project": "/Users/xes/Desktop/hub/pinyinshu",
  "projectName": "pinyinshu",
  "debugBuildWorker": false
}
2019-07-02T11:41:37.810Z - normal: Building /Users/xes/Desktop/hub/pinyinshu
2019-07-02T11:41:37.810Z - normal: Destination /Users/xes/Desktop/hub/pinyinshu/build/web-mobile
2019-07-02T11:41:37.972Z - normal: Delete /Users/xes/Desktop/hub/pinyinshu/build/web-mobile/subpackages/**/*,/Users/xes/Desktop/hub/pinyinshu/build/web-mobile/**/*
2019-07-02T11:42:18.925Z - normal: Start building assets
2019-07-02T11:42:18.927Z - normal: Start spawn build-worker
2019-07-02T11:42:19.709Z - normal: Finish spawn build-worker
2019-07-02T11:42:19.709Z - normal: Start init build-worker
2019-07-02T11:42:23.046Z - error: A Class already exists with the same __classname__ : "affirmTips".
    at /Applications/CocosCreator.app/Contents/Resources/engine/bin/.cache/dev/cocos2d/core/platform/js.js:256:32
    at Object.js.setClassName (/Applications/CocosCreator.app/Contents/Resources/engine/bin/.cache/dev/cocos2d/core/platform/js.js:266:17)
    at doDefine (/Applications/CocosCreator.app/Contents/Resources/engine/bin/.cache/dev/cocos2d/core/platform/CCClass.js:279:16)
    at define (/Applications/CocosCreator.app/Contents/Resources/engine/bin/.cache/dev/cocos2d/core/platform/CCClass.js:295:23)
    at Object.CCClass [as Class] (/Applications/CocosCreator.app/Contents/Resources/engine/bin/.cache/dev/cocos2d/core/platform/CCClass.js:662:23)
    at /Applications/CocosCreator.app/Contents/Resources/engine/bin/.cache/dev/cocos2d/core/platform/CCClassDecorator.js:183:26
    at /Applications/CocosCreator.app/Contents/Resources/engine/bin/.cache/dev/cocos2d/core/platform/CCClassDecorator.js:34:28
    at window.__decorate (/Applications/CocosCreator.app/Contents/Resources/engine/bin/.cache/dev/polyfill/typescript.js:65:38)
    at /Users/xes/Desktop/hub/pinyinshu/temp/quick-scripts/assets/scripts/UI/Item/AffirmTips.js:134:33
2019-07-02T11:42:23.048Z - error: A Class already exists with the same __cid__ : "ef23cpPl5tOlrhRvb86pFJF".
    at Object._setClassId (/Applications/CocosCreator.app/Contents/Resources/engine/bin/.cache/dev/cocos2d/core/platform/js.js:256:32)
    at define (/Applications/CocosCreator.app/Contents/Resources/engine/bin/.cache/dev/cocos2d/core/platform/CCClass.js:300:28)
    at Object.CCClass [as Class] (/Applications/CocosCreator.app/Contents/Resources/engine/bin/.cache/dev/cocos2d/core/platform/CCClass.js:662:23)
    at /Applications/CocosCreator.app/Contents/Resources/engine/bin/.cache/dev/cocos2d/core/platform/CCClassDecorator.js:183:26
    at /Applications/CocosCreator.app/Contents/Resources/engine/bin/.cache/dev/cocos2d/core/platform/CCClassDecorator.js:34:28
    at window.__decorate (/Applications/CocosCreator.app/Contents/Resources/engine/bin/.cache/dev/polyfill/typescript.js:65:38)
    at /Users/xes/Desktop/hub/pinyinshu/temp/quick-scripts/assets/scripts/UI/Item/AffirmTips.js:134:33
    at __define (/Users/xes/Desktop/hub/pinyinshu/temp/quick-scripts/assets/scripts/UI/Item/AffirmTips.js:138:2)
    at /Users/xes/Desktop/hub/pinyinshu/temp/quick-scripts/assets/scripts/UI/Item/AffirmTips.js:144:13
2019-07-02T11:42:23.079Z - normal: Finish init build-worker
2019-07-02T11:42:23.079Z - normal: Start build-assets in worker
2019-07-02T11:42:24.699Z - warn: Script attached to "ErrorPanel" in prefab "ErrorPanel.prefab" is missing or invalid. Detailed information:
Node path: "ErrorPanel"
Asset url: "db://assets/resources/prefab/ui/panel/ErrorPanel.prefab"
Script UUID: "78373c5f-3da7-4427-9205-9f8b22ce1df3"
Class ID: "78373xfPadEJ5IFn4sizh3z"

2019-07-02T11:42:24.860Z - warn: Script attached to "LoadingUI" in prefab "LoadingUI.prefab" is missing or invalid. Detailed information:
Node path: "LoadingUI"
Asset url: "db://assets/resources/prefab/ui/panel/LoadingUI.prefab"
Script UUID: "cf8a6e91-3b68-4958-937b-ab576de3fce7"
Class ID: "cf8a66RO2hJWJN7q1dt4/zn"

2019-07-02T11:42:33.285Z - warn: 原图 db://assets/resources/images/gameUI/bg.png 已经被打包到自动图集 resources/images/AutoAtlas.pac，但由于这张原图同时被 db://assets/resources/images/gameUI/bg.png/bg 直接使用，因此原图仍然会保留一份。
2019-07-02T11:42:33.287Z - warn: db://assets/resources/images/gameUI/bg.png has not been packed into AutoAtlas, please check it.
2019-07-02T11:42:33.846Z - normal: Finish build-assets in worker
2019-07-02T11:42:33.856Z - normal: Finish building assets
2019-07-02T11:42:33.895Z - normal: Start building plugin scripts
2019-07-02T11:42:33.975Z - normal: Generating main.js from /Applications/CocosCreator.app/Contents/Resources/static/build-templates/shares/main.js
2019-07-02T11:42:33.997Z - normal: Generating html from /Applications/CocosCreator.app/Contents/Resources/static/build-templates/web-mobile/template/index.html
2019-07-02T11:42:34.275Z - normal: Built to "/Users/xes/Desktop/hub/pinyinshu/build/web-mobile" successfully
2019-07-02T11:43:27.435Z - warn: Script attached to "LoadingUI" in prefab "LoadingUI.prefab" is missing or invalid. Detailed information:
Node path: "LoadingUI"
Asset url: "db://assets/resources/prefab/ui/panel/LoadingUI.prefab"
Script UUID: "cf8a6e91-3b68-4958-937b-ab576de3fce7"
Class ID: "cf8a66RO2hJWJN7q1dt4/zn"

2019-07-02T11:43:36.158Z - normal: Start building with options : {
  "actualPlatform": "web-mobile",
  "android-instant": {
    "REMOTE_SERVER_ROOT": "",
    "host": "",
    "pathPattern": "",
    "recordPath": "",
    "scheme": "https",
    "skipRecord": false
  },
  "apiLevel": "",
  "appABIs": [],
  "appBundle": false,
  "baidugame": {
    "REMOTE_SERVER_ROOT": "",
    "appid": "testappid",
    "orientation": "portrait",
    "subContext": ""
  },
  "buildPath": "/Users/xes/Desktop/hub/pinyinshu/build",
  "debug": false,
  "dest": "/Users/xes/Desktop/hub/pinyinshu/build/web-mobile",
  "embedWebDebugger": false,
  "encryptJs": true,
  "excludeScenes": [
    "6ecd0372-494a-432d-8c75-bc33749fe2fb"
  ],
  "excludedModules": [
    "Dynamic Atlas",
    "LabelOutline",
    "ParticleSystem",
    "TiledMap",
    "DragonBones",
    "RichText",
    "MotionStreak",
    "ScrollBar",
    "ScrollView",
    "PageView",
    "PageViewIndicator",
    "Slider",
    "VideoPlayer",
    "WebView",
    "Animation",
    "Collider",
    "Physics",
    "NodePool",
    "StudioComponent",
    "Intersection",
    "Native Socket"
  ],
  "fb-instant-games": {},
  "includeSDKBox": false,
  "inlineSpriteFrames": true,
  "inlineSpriteFrames_native": true,
  "md5Cache": true,
  "mergeStartScene": false,
  "optimizeHotUpdate": false,
  "orientation": {
    "landscapeLeft": true,
    "landscapeRight": true,
    "portrait": false,
    "upsideDown": false
  },
  "packageName": "org.cocos2d.gameFrame",
  "platform": "web-mobile",
  "previewHeight": "720",
  "previewWidth": "1280",
  "qqplay": {
    "REMOTE_SERVER_ROOT": "",
    "orientation": "portrait",
    "zip": false
  },
  "scenes": [
    "a75e94dc-05bd-44a5-bdab-af7a2bed76a7"
  ],
  "sourceMaps": false,
  "startScene": "a75e94dc-05bd-44a5-bdab-af7a2bed76a7",
  "template": "link",
  "title": "pinyinshu",
  "useDebugKeystore": true,
  "vsVersion": "auto",
  "webOrientation": "auto",
  "wechatgame": {
    "REMOTE_SERVER_ROOT": "",
    "appid": "wx6ac3f5090a6b99c5",
    "orientation": "portrait",
    "subContext": ""
  },
  "xxteaKey": "ce558dd3-8f51-47",
  "zipCompressJs": true,
  "project": "/Users/xes/Desktop/hub/pinyinshu",
  "projectName": "pinyinshu",
  "debugBuildWorker": false
}
2019-07-02T11:43:36.163Z - normal: Building /Users/xes/Desktop/hub/pinyinshu
2019-07-02T11:43:36.164Z - normal: Destination /Users/xes/Desktop/hub/pinyinshu/build/web-mobile
2019-07-02T11:43:36.173Z - normal: Delete /Users/xes/Desktop/hub/pinyinshu/build/web-mobile/subpackages/**/*,/Users/xes/Desktop/hub/pinyinshu/build/web-mobile/**/*
2019-07-02T11:43:43.410Z - normal: Start building assets
2019-07-02T11:43:43.411Z - normal: Start spawn build-worker
2019-07-02T11:43:44.707Z - normal: Finish spawn build-worker
2019-07-02T11:43:44.707Z - normal: Start init build-worker
2019-07-02T11:43:50.768Z - error: A Class already exists with the same __classname__ : "affirmTips".
    at /Applications/CocosCreator.app/Contents/Resources/engine/bin/.cache/dev/cocos2d/core/platform/js.js:256:32
    at Object.js.setClassName (/Applications/CocosCreator.app/Contents/Resources/engine/bin/.cache/dev/cocos2d/core/platform/js.js:266:17)
    at doDefine (/Applications/CocosCreator.app/Contents/Resources/engine/bin/.cache/dev/cocos2d/core/platform/CCClass.js:279:16)
    at define (/Applications/CocosCreator.app/Contents/Resources/engine/bin/.cache/dev/cocos2d/core/platform/CCClass.js:295:23)
    at Object.CCClass [as Class] (/Applications/CocosCreator.app/Contents/Resources/engine/bin/.cache/dev/cocos2d/core/platform/CCClass.js:662:23)
    at /Applications/CocosCreator.app/Contents/Resources/engine/bin/.cache/dev/cocos2d/core/platform/CCClassDecorator.js:183:26
    at /Applications/CocosCreator.app/Contents/Resources/engine/bin/.cache/dev/cocos2d/core/platform/CCClassDecorator.js:34:28
    at window.__decorate (/Applications/CocosCreator.app/Contents/Resources/engine/bin/.cache/dev/polyfill/typescript.js:65:38)
    at /Users/xes/Desktop/hub/pinyinshu/temp/quick-scripts/assets/scripts/UI/Item/AffirmTips.js:134:33
2019-07-02T11:43:50.768Z - error: A Class already exists with the same __cid__ : "ef23cpPl5tOlrhRvb86pFJF".
    at Object._setClassId (/Applications/CocosCreator.app/Contents/Resources/engine/bin/.cache/dev/cocos2d/core/platform/js.js:256:32)
    at define (/Applications/CocosCreator.app/Contents/Resources/engine/bin/.cache/dev/cocos2d/core/platform/CCClass.js:300:28)
    at Object.CCClass [as Class] (/Applications/CocosCreator.app/Contents/Resources/engine/bin/.cache/dev/cocos2d/core/platform/CCClass.js:662:23)
    at /Applications/CocosCreator.app/Contents/Resources/engine/bin/.cache/dev/cocos2d/core/platform/CCClassDecorator.js:183:26
    at /Applications/CocosCreator.app/Contents/Resources/engine/bin/.cache/dev/cocos2d/core/platform/CCClassDecorator.js:34:28
    at window.__decorate (/Applications/CocosCreator.app/Contents/Resources/engine/bin/.cache/dev/polyfill/typescript.js:65:38)
    at /Users/xes/Desktop/hub/pinyinshu/temp/quick-scripts/assets/scripts/UI/Item/AffirmTips.js:134:33
    at __define (/Users/xes/Desktop/hub/pinyinshu/temp/quick-scripts/assets/scripts/UI/Item/AffirmTips.js:138:2)
    at /Users/xes/Desktop/hub/pinyinshu/temp/quick-scripts/assets/scripts/UI/Item/AffirmTips.js:144:13
2019-07-02T11:43:50.857Z - normal: Finish init build-worker
2019-07-02T11:43:50.858Z - normal: Start build-assets in worker
2019-07-02T11:43:53.305Z - warn: Script attached to "LoadingUI" in prefab "LoadingUI.prefab" is missing or invalid. Detailed information:
Node path: "LoadingUI"
Asset url: "db://assets/resources/prefab/ui/panel/LoadingUI.prefab"
Script UUID: "cf8a6e91-3b68-4958-937b-ab576de3fce7"
Class ID: "cf8a66RO2hJWJN7q1dt4/zn"

2019-07-02T11:43:53.575Z - warn: Script attached to "ErrorPanel" in prefab "ErrorPanel.prefab" is missing or invalid. Detailed information:
Node path: "ErrorPanel"
Asset url: "db://assets/resources/prefab/ui/panel/ErrorPanel.prefab"
Script UUID: "78373c5f-3da7-4427-9205-9f8b22ce1df3"
Class ID: "78373xfPadEJ5IFn4sizh3z"

2019-07-02T11:44:06.683Z - warn: 原图 db://assets/resources/images/gameUI/bg.png 已经被打包到自动图集 resources/images/AutoAtlas.pac，但由于这张原图同时被 db://assets/resources/images/gameUI/bg.png/bg 直接使用，因此原图仍然会保留一份。
2019-07-02T11:44:06.685Z - warn: db://assets/resources/images/gameUI/bg.png has not been packed into AutoAtlas, please check it.
2019-07-02T11:44:07.558Z - normal: Finish build-assets in worker
2019-07-02T11:44:07.567Z - normal: Finish building assets
2019-07-02T11:44:07.621Z - normal: Start building plugin scripts
2019-07-02T11:44:07.673Z - normal: Generating main.js from /Applications/CocosCreator.app/Contents/Resources/static/build-templates/shares/main.js
2019-07-02T11:44:07.687Z - normal: Generating html from /Applications/CocosCreator.app/Contents/Resources/static/build-templates/web-mobile/template/index.html
2019-07-02T11:44:07.990Z - normal: Built to "/Users/xes/Desktop/hub/pinyinshu/build/web-mobile" successfully
