2019-07-29T03:49:21.552Z - normal: Load ~/.CocosCreator/settings.json
2019-07-29T03:49:21.629Z - normal: Initializing Asset Database
2019-07-29T03:49:21.632Z - normal: checking language setting...
2019-07-29T03:49:21.632Z - normal: Language: zh
2019-07-29T03:49:22.437Z - success: preview server running at http://localhost:7456
2019-07-29T03:49:22.453Z - success: protocol editor-framework registered
2019-07-29T03:49:22.453Z - success: protocol app registered
2019-07-29T03:49:22.453Z - success: protocol theme registered
2019-07-29T03:49:22.454Z - success: protocol packages registered
2019-07-29T03:49:22.454Z - success: protocol uuid registerred
2019-07-29T03:49:22.455Z - success: protocol db registerred
2019-07-29T03:49:22.455Z - success: protocol thumbnail registerred
2019-07-29T03:49:22.455Z - success: protocol unpack registerred
2019-07-29T03:49:22.455Z - success: protocol disable-commonjs registerred
2019-07-29T03:49:22.563Z - normal: connected!
2019-07-29T03:49:22.565Z - normal: Check project /Users/xes/Desktop/hub/yanghuisanjiao
2019-07-29T03:49:22.566Z - normal: Initializing project /Users/xes/Desktop/hub/yanghuisanjiao
2019-07-29T03:49:22.948Z - normal: Initializing Cocos2d
2019-07-29T03:49:23.787Z - normal: Initializing engine extends
2019-07-29T03:49:23.810Z - success: asset-db-debugger loaded
2019-07-29T03:49:23.811Z - success: baidu-adapter loaded
2019-07-29T03:49:23.812Z - success: color-picker loaded
2019-07-29T03:49:23.918Z - success: fb-audience-network loaded
2019-07-29T03:49:23.972Z - success: fb-live-stream loaded
2019-07-29T03:49:23.975Z - success: google-play-instant loaded
2019-07-29T03:49:23.982Z - success: huawei-runtime loaded
2019-07-29T03:49:23.984Z - success: jsb-adapter loaded
2019-07-29T03:49:23.989Z - success: oppo-runtime loaded
2019-07-29T03:49:23.995Z - success: package-manager loaded
2019-07-29T03:49:24.145Z - success: qqplay-adapter loaded
2019-07-29T03:49:24.147Z - success: runtime-dev-tools loaded
2019-07-29T03:49:24.152Z - success: sdkbox loaded
2019-07-29T03:49:24.157Z - success: tester loaded
2019-07-29T03:49:24.162Z - success: ui-grid loaded
2019-07-29T03:49:24.170Z - success: ui-kit-preview-extra loaded
2019-07-29T03:49:24.173Z - success: ui-kit-preview loaded
2019-07-29T03:49:24.177Z - success: ui-kit loaded
2019-07-29T03:49:24.181Z - success: ui-tree loaded
2019-07-29T03:49:24.186Z - success: vivo-runtime loaded
2019-07-29T03:49:24.187Z - success: weapp-adapter loaded
2019-07-29T03:49:24.231Z - success: assets loaded
2019-07-29T03:49:24.235Z - success: builder loaded
2019-07-29T03:49:24.516Z - success: cocos-services loaded
2019-07-29T03:49:24.522Z - success: console loaded
2019-07-29T03:49:24.560Z - success: fb-instant-games loaded
2019-07-29T03:49:24.564Z - success: google-instant-games loaded
2019-07-29T03:49:24.571Z - success: hierarchy loaded
2019-07-29T03:49:24.576Z - success: inspector loaded
2019-07-29T03:49:24.577Z - success: keystore loaded
2019-07-29T03:49:24.586Z - success: node-library loaded
2019-07-29T03:49:24.588Z - success: package-asset loaded
2019-07-29T03:49:24.590Z - success: preferences loaded
2019-07-29T03:49:24.593Z - success: project-exporter loaded
2019-07-29T03:49:24.599Z - success: project-importer loaded
2019-07-29T03:49:24.603Z - success: project-settings loaded
2019-07-29T03:49:24.618Z - success: scene loaded
2019-07-29T03:49:24.621Z - success: simulator-debugger loaded
2019-07-29T03:49:24.623Z - success: sprite-editor loaded
2019-07-29T03:49:24.628Z - success: store loaded
2019-07-29T03:49:24.634Z - success: timeline loaded
2019-07-29T03:49:24.639Z - success: auto_deploy loaded
2019-07-29T03:49:26.812Z - info: Cocos Services load base data!
2019-07-29T03:49:28.255Z - normal: Loading packages
2019-07-29T03:49:28.309Z - normal: Watching packages
2019-07-29T03:49:28.495Z - normal: Run Application
2019-07-29T06:02:02.211Z - normal: Start building with options : {
  "actualPlatform": "web-mobile",
  "android-instant": {
    "REMOTE_SERVER_ROOT": "http://10.2.35.30:7456/preview-android-instant/",
    "host": "",
    "pathPattern": "",
    "recordPath": "",
    "scheme": "https",
    "skipRecord": false
  },
  "apiLevel": "",
  "appABIs": [],
  "appBundle": false,
  "baidugame": {
    "REMOTE_SERVER_ROOT": "",
    "appid": "testappid",
    "orientation": "portrait",
    "subContext": ""
  },
  "buildPath": "/Users/xes/Desktop/hub/yanghuisanjiao/build",
  "debug": false,
  "dest": "/Users/xes/Desktop/hub/yanghuisanjiao/build/web-mobile",
  "embedWebDebugger": false,
  "encryptJs": true,
  "excludeScenes": [
    "a75e94dc-05bd-44a5-bdab-af7a2bed76a7"
  ],
  "excludedModules": [
    "Canvas Renderer",
    "Renderer Texture",
    "Dynamic Atlas",
    "LabelOutline",
    "Mask",
    "Graphics",
    "ParticleSystem",
    "TiledMap",
    "DragonBones",
    "RichText",
    "MotionStreak",
    "ScrollBar",
    "ScrollView",
    "Toggle",
    "PageView",
    "PageViewIndicator",
    "Slider",
    "EditBox",
    "VideoPlayer",
    "WebView",
    "Animation",
    "Collider",
    "Physics",
    "NodePool",
    "StudioComponent",
    "Intersection",
    "Native Socket"
  ],
  "fb-instant-games": {},
  "includeSDKBox": false,
  "inlineSpriteFrames": true,
  "inlineSpriteFrames_native": true,
  "md5Cache": true,
  "mergeStartScene": false,
  "optimizeHotUpdate": false,
  "orientation": {
    "landscapeLeft": true,
    "landscapeRight": true,
    "portrait": false,
    "upsideDown": false
  },
  "packageName": "org.cocos2d.gameFrame",
  "platform": "web-mobile",
  "previewHeight": "720",
  "previewWidth": "1280",
  "qqplay": {
    "REMOTE_SERVER_ROOT": "",
    "orientation": "portrait",
    "zip": false
  },
  "scenes": [
    "6ecd0372-494a-432d-8c75-bc33749fe2fb"
  ],
  "sourceMaps": false,
  "startScene": "6ecd0372-494a-432d-8c75-bc33749fe2fb",
  "template": "link",
  "title": "gameFrame",
  "useDebugKeystore": true,
  "vsVersion": "auto",
  "webOrientation": "auto",
  "wechatgame": {
    "REMOTE_SERVER_ROOT": "",
    "appid": "wx6ac3f5090a6b99c5",
    "orientation": "portrait",
    "subContext": ""
  },
  "xxteaKey": "ce558dd3-8f51-47",
  "zipCompressJs": true,
  "project": "/Users/xes/Desktop/hub/yanghuisanjiao",
  "projectName": "gameFrame",
  "debugBuildWorker": false
}
2019-07-29T06:02:02.218Z - normal: Building /Users/xes/Desktop/hub/yanghuisanjiao
2019-07-29T06:02:02.218Z - normal: Destination /Users/xes/Desktop/hub/yanghuisanjiao/build/web-mobile
2019-07-29T06:02:02.441Z - normal: Delete /Users/xes/Desktop/hub/yanghuisanjiao/build/web-mobile/subpackages/**/*,/Users/xes/Desktop/hub/yanghuisanjiao/build/web-mobile/**/*
2019-07-29T06:02:42.198Z - normal: Start building assets
2019-07-29T06:02:42.199Z - normal: Start spawn build-worker
2019-07-29T06:02:42.953Z - normal: Finish spawn build-worker
2019-07-29T06:02:42.954Z - normal: Start init build-worker
2019-07-29T06:02:46.185Z - normal: Finish init build-worker
2019-07-29T06:02:46.185Z - normal: Start build-assets in worker
2019-07-29T06:02:47.686Z - warn: The referenced asset used in "db://assets/resources/prefab/ui/panel/UploadAndReturnPanel.prefab" is not found, it may have been deleted. Detailed information:
Used by "cc.PrefabInfo"
uuid: "adea2b01-77d1-4cfa-aa46-c333f1871e12"
2019-07-29T06:02:56.135Z - normal: Finish build-assets in worker
2019-07-29T06:02:56.143Z - normal: Finish building assets
2019-07-29T06:02:56.175Z - normal: Start building plugin scripts
2019-07-29T06:02:56.235Z - normal: Generating main.js from /Applications/CocosCreator.app/Contents/Resources/static/build-templates/shares/main.js
2019-07-29T06:02:56.253Z - normal: Generating html from /Applications/CocosCreator.app/Contents/Resources/static/build-templates/web-mobile/template/index.html
2019-07-29T06:02:56.467Z - normal: Built to "/Users/xes/Desktop/hub/yanghuisanjiao/build/web-mobile" successfully
2019-07-29T06:04:35.825Z - normal: Start building with options : {
  "actualPlatform": "web-mobile",
  "android-instant": {
    "REMOTE_SERVER_ROOT": "http://10.2.35.30:7456/preview-android-instant/",
    "host": "",
    "pathPattern": "",
    "recordPath": "",
    "scheme": "https",
    "skipRecord": false
  },
  "apiLevel": "",
  "appABIs": [],
  "appBundle": false,
  "baidugame": {
    "REMOTE_SERVER_ROOT": "",
    "appid": "testappid",
    "orientation": "portrait",
    "subContext": ""
  },
  "buildPath": "/Users/xes/Desktop/hub/yanghuisanjiao/build",
  "debug": false,
  "dest": "/Users/xes/Desktop/hub/yanghuisanjiao/build/web-mobile",
  "embedWebDebugger": false,
  "encryptJs": true,
  "excludeScenes": [
    "6ecd0372-494a-432d-8c75-bc33749fe2fb"
  ],
  "excludedModules": [
    "Canvas Renderer",
    "Renderer Texture",
    "Dynamic Atlas",
    "LabelOutline",
    "Mask",
    "Graphics",
    "ParticleSystem",
    "TiledMap",
    "DragonBones",
    "RichText",
    "MotionStreak",
    "ScrollBar",
    "ScrollView",
    "Toggle",
    "PageView",
    "PageViewIndicator",
    "Slider",
    "EditBox",
    "VideoPlayer",
    "WebView",
    "Animation",
    "Collider",
    "Physics",
    "NodePool",
    "StudioComponent",
    "Intersection",
    "Native Socket"
  ],
  "fb-instant-games": {},
  "includeSDKBox": false,
  "inlineSpriteFrames": true,
  "inlineSpriteFrames_native": true,
  "md5Cache": true,
  "mergeStartScene": false,
  "optimizeHotUpdate": false,
  "orientation": {
    "landscapeLeft": true,
    "landscapeRight": true,
    "portrait": false,
    "upsideDown": false
  },
  "packageName": "org.cocos2d.gameFrame",
  "platform": "web-mobile",
  "previewHeight": "720",
  "previewWidth": "1280",
  "qqplay": {
    "REMOTE_SERVER_ROOT": "",
    "orientation": "portrait",
    "zip": false
  },
  "scenes": [
    "a75e94dc-05bd-44a5-bdab-af7a2bed76a7"
  ],
  "sourceMaps": false,
  "startScene": "a75e94dc-05bd-44a5-bdab-af7a2bed76a7",
  "template": "link",
  "title": "gameFrame",
  "useDebugKeystore": true,
  "vsVersion": "auto",
  "webOrientation": "auto",
  "wechatgame": {
    "REMOTE_SERVER_ROOT": "",
    "appid": "wx6ac3f5090a6b99c5",
    "orientation": "portrait",
    "subContext": ""
  },
  "xxteaKey": "ce558dd3-8f51-47",
  "zipCompressJs": true,
  "project": "/Users/xes/Desktop/hub/yanghuisanjiao",
  "projectName": "gameFrame",
  "debugBuildWorker": false
}
2019-07-29T06:04:35.834Z - normal: Building /Users/xes/Desktop/hub/yanghuisanjiao
2019-07-29T06:04:35.836Z - normal: Destination /Users/xes/Desktop/hub/yanghuisanjiao/build/web-mobile
2019-07-29T06:04:35.841Z - normal: Delete /Users/xes/Desktop/hub/yanghuisanjiao/build/web-mobile/subpackages/**/*,/Users/xes/Desktop/hub/yanghuisanjiao/build/web-mobile/**/*
2019-07-29T06:04:41.210Z - normal: Start building assets
2019-07-29T06:04:41.210Z - normal: Start spawn build-worker
2019-07-29T06:04:41.995Z - normal: Finish spawn build-worker
2019-07-29T06:04:41.995Z - normal: Start init build-worker
2019-07-29T06:04:45.291Z - normal: Finish init build-worker
2019-07-29T06:04:45.291Z - normal: Start build-assets in worker
2019-07-29T06:04:46.672Z - warn: The referenced asset used in "db://assets/resources/prefab/ui/panel/UploadAndReturnPanel.prefab" is not found, it may have been deleted. Detailed information:
Used by "cc.PrefabInfo"
uuid: "adea2b01-77d1-4cfa-aa46-c333f1871e12"
2019-07-29T06:04:55.111Z - normal: Finish build-assets in worker
2019-07-29T06:04:55.115Z - normal: Finish building assets
2019-07-29T06:04:55.138Z - normal: Start building plugin scripts
2019-07-29T06:04:55.203Z - normal: Generating main.js from /Applications/CocosCreator.app/Contents/Resources/static/build-templates/shares/main.js
2019-07-29T06:04:55.215Z - normal: Generating html from /Applications/CocosCreator.app/Contents/Resources/static/build-templates/web-mobile/template/index.html
2019-07-29T06:04:55.738Z - normal: Built to "/Users/xes/Desktop/hub/yanghuisanjiao/build/web-mobile" successfully
