2019-05-09T12:33:23.912Z - normal: Load ~/.CocosCreator/settings.json
2019-05-09T12:33:23.969Z - normal: Initializing Asset Database
2019-05-09T12:33:23.972Z - normal: checking language setting...
2019-05-09T12:33:23.972Z - normal: Language: zh
2019-05-09T12:33:24.659Z - success: preview server running at http://localhost:7456
2019-05-09T12:33:24.707Z - success: protocol editor-framework registered
2019-05-09T12:33:24.707Z - success: protocol app registered
2019-05-09T12:33:24.707Z - success: protocol theme registered
2019-05-09T12:33:24.707Z - success: protocol packages registered
2019-05-09T12:33:24.707Z - success: protocol uuid registerred
2019-05-09T12:33:24.707Z - success: protocol db registerred
2019-05-09T12:33:24.708Z - success: protocol thumbnail registerred
2019-05-09T12:33:24.708Z - success: protocol unpack registerred
2019-05-09T12:33:24.708Z - success: protocol disable-commonjs registerred
2019-05-09T12:33:24.793Z - normal: connected!
2019-05-09T12:33:24.795Z - normal: Check project /Users/xes/Desktop/hub/zhaodongxi
2019-05-09T12:33:24.797Z - normal: Initializing project /Users/xes/Desktop/hub/zhaodongxi
2019-05-09T12:33:25.167Z - normal: Initializing Cocos2d
2019-05-09T12:33:25.970Z - normal: Initializing engine extends
2019-05-09T12:33:26.020Z - success: asset-db-debugger loaded
2019-05-09T12:33:26.022Z - success: baidu-adapter loaded
2019-05-09T12:33:26.024Z - success: color-picker loaded
2019-05-09T12:33:26.110Z - success: fb-audience-network loaded
2019-05-09T12:33:26.162Z - success: fb-live-stream loaded
2019-05-09T12:33:26.165Z - success: google-play-instant loaded
2019-05-09T12:33:26.173Z - success: huawei-runtime loaded
2019-05-09T12:33:26.174Z - success: jsb-adapter loaded
2019-05-09T12:33:26.179Z - success: oppo-runtime loaded
2019-05-09T12:33:26.196Z - success: package-manager loaded
2019-05-09T12:33:26.319Z - success: qqplay-adapter loaded
2019-05-09T12:33:26.321Z - success: runtime-dev-tools loaded
2019-05-09T12:33:26.342Z - success: sdkbox loaded
2019-05-09T12:33:26.363Z - success: tester loaded
2019-05-09T12:33:26.383Z - success: ui-grid loaded
2019-05-09T12:33:26.401Z - success: ui-kit-preview-extra loaded
2019-05-09T12:33:26.419Z - success: ui-kit-preview loaded
2019-05-09T12:33:26.436Z - success: ui-kit loaded
2019-05-09T12:33:26.453Z - success: ui-tree loaded
2019-05-09T12:33:26.462Z - success: vivo-runtime loaded
2019-05-09T12:33:26.463Z - success: weapp-adapter loaded
2019-05-09T12:33:26.519Z - success: assets loaded
2019-05-09T12:33:26.537Z - success: builder loaded
2019-05-09T12:33:26.804Z - success: cocos-services loaded
2019-05-09T12:33:26.825Z - success: console loaded
2019-05-09T12:33:26.861Z - success: fb-instant-games loaded
2019-05-09T12:33:26.865Z - success: google-instant-games loaded
2019-05-09T12:33:26.888Z - success: hierarchy loaded
2019-05-09T12:33:26.908Z - success: inspector loaded
2019-05-09T12:33:26.909Z - success: keystore loaded
2019-05-09T12:33:26.929Z - success: node-library loaded
2019-05-09T12:33:26.931Z - success: package-asset loaded
2019-05-09T12:33:26.933Z - success: preferences loaded
2019-05-09T12:33:26.985Z - success: project-exporter loaded
2019-05-09T12:33:27.006Z - success: project-importer loaded
2019-05-09T12:33:27.024Z - success: project-settings loaded
2019-05-09T12:33:27.044Z - success: scene loaded
2019-05-09T12:33:27.045Z - success: simulator-debugger loaded
2019-05-09T12:33:27.048Z - success: sprite-editor loaded
2019-05-09T12:33:27.071Z - success: store loaded
2019-05-09T12:33:27.091Z - success: timeline loaded
2019-05-09T12:33:28.258Z - info: Cocos Services load base data!
2019-05-09T12:33:28.883Z - normal: Loading packages
2019-05-09T12:33:28.892Z - normal: Watching packages
2019-05-09T12:33:29.037Z - normal: Run Application
2019-05-09T12:33:34.498Z - warn: Please specifiy a default value for "GamePanel" property at its declaration:
 
// Before:
@property(...)
value; 
// After:
@property(...)
value = 0 label1
2019-05-09T12:33:34.499Z - warn: Please specifiy a default value for "GamePanel" property at its declaration:
 
// Before:
@property(...)
value; 
// After:
@property(...)
value = 0 label2
2019-05-09T12:33:34.500Z - warn: Please specifiy a default value for "GamePanel" property at its declaration:
 
// Before:
@property(...)
value; 
// After:
@property(...)
value = 0 back
2019-05-09T12:33:34.500Z - warn: Please specifiy a default value for "GamePanel" property at its declaration:
 
// Before:
@property(...)
value; 
// After:
@property(...)
value = 0 submit
2019-05-09T12:33:34.501Z - warn: Please specifiy a default value for "GamePanel" property at its declaration:
 
// Before:
@property(...)
value; 
// After:
@property(...)
value = 0 bg
2019-05-09T12:33:34.501Z - warn: Please specifiy a default value for "GamePanel" property at its declaration:
 
// Before:
@property(...)
value; 
// After:
@property(...)
value = 0 picBoard
2019-05-09T12:33:34.501Z - warn: Please specifiy a default value for "GamePanel" property at its declaration:
 
// Before:
@property(...)
value; 
// After:
@property(...)
value = 0 answerBoard
2019-05-09T12:33:34.502Z - warn: Please specifiy a default value for "GamePanel" property at its declaration:
 
// Before:
@property(...)
value; 
// After:
@property(...)
value = 0 board
2019-05-09T12:33:34.502Z - warn: Please specifiy a default value for "GamePanel" property at its declaration:
 
// Before:
@property(...)
value; 
// After:
@property(...)
value = 0 sure
2019-05-09T12:33:34.502Z - warn: Please specifiy a default value for "GamePanel" property at its declaration:
 
// Before:
@property(...)
value; 
// After:
@property(...)
value = 0 layout
2019-05-09T12:33:34.505Z - warn: Please specifiy a default value for "TeacherPanel" property at its declaration:
 
// Before:
@property(...)
value; 
// After:
@property(...)
value = 0 checkpointEditbox
2019-05-09T12:33:34.505Z - warn: Please specifiy a default value for "TeacherPanel" property at its declaration:
 
// Before:
@property(...)
value; 
// After:
@property(...)
value = 0 animalToggle
2019-05-09T12:33:34.505Z - warn: Please specifiy a default value for "TeacherPanel" property at its declaration:
 
// Before:
@property(...)
value; 
// After:
@property(...)
value = 0 foodToggle
2019-05-09T12:33:34.506Z - warn: Please specifiy a default value for "TeacherPanel" property at its declaration:
 
// Before:
@property(...)
value; 
// After:
@property(...)
value = 0 figureToggle
2019-05-09T12:33:34.506Z - warn: Please specifiy a default value for "TeacherPanel" property at its declaration:
 
// Before:
@property(...)
value; 
// After:
@property(...)
value = 0 dailyuseToggle
2019-05-09T12:33:34.506Z - warn: Please specifiy a default value for "TeacherPanel" property at its declaration:
 
// Before:
@property(...)
value; 
// After:
@property(...)
value = 0 numberToggle
2019-05-09T12:33:34.507Z - warn: Please specifiy a default value for "TeacherPanel" property at its declaration:
 
// Before:
@property(...)
value; 
// After:
@property(...)
value = 0 stationeryToggle
2019-05-09T12:33:34.507Z - warn: Please specifiy a default value for "TeacherPanel" property at its declaration:
 
// Before:
@property(...)
value; 
// After:
@property(...)
value = 0 clothesToggle
2019-05-09T12:33:34.507Z - warn: Please specifiy a default value for "TeacherPanel" property at its declaration:
 
// Before:
@property(...)
value; 
// After:
@property(...)
value = 0 letterToggle
2019-05-09T12:33:34.507Z - warn: Please specifiy a default value for "TeacherPanel" property at its declaration:
 
// Before:
@property(...)
value; 
// After:
@property(...)
value = 0 choicescopeButton
2019-05-09T12:33:34.508Z - warn: Please specifiy a default value for "TeacherPanel" property at its declaration:
 
// Before:
@property(...)
value; 
// After:
@property(...)
value = 0 submissionButton
2019-05-09T12:33:34.508Z - warn: Please specifiy a default value for "TeacherPanel" property at its declaration:
 
// Before:
@property(...)
value; 
// After:
@property(...)
value = 0 tipNode
